# JRE version: OpenJDK Runtime Environment (11.0.12+7) (build 11.0.12+7-b1504.28-7817840)
# Java VM: OpenJDK 64-Bit Server VM (11.0.12+7-b1504.28-7817840, mixed mode, tiered, compressed oops, g1 gc, windows-amd64)
Heap:
 garbage-first heap   total 143360K, used 77807K [0x0000000080000000, 0x0000000100000000)
  region size 1024K, 2 young (2048K), 2 survivors (2048K)
 Metaspace       used 66889K, capacity 68679K, committed 68936K, reserved 1110016K
  class space    used 8490K, capacity 9094K, committed 9216K, reserved 1048576K
GC Heap History (20 events):
Event: 11.543 GC heap after
{Heap after GC invocations=24 (full 0):
 garbage-first heap   total 98304K, used 69534K [0x0000000080000000, 0x0000000100000000)
  region size 1024K, 1 young (1024K), 1 survivors (1024K)
 Metaspace       used 51915K, capacity 53652K, committed 53960K, reserved 1095680K
  class space    used 6641K, capacity 7194K, committed 7296K, reserved 1048576K
}
Event: 11.714 GC heap before
{Heap before GC invocations=25 (full 0):
 garbage-first heap   total 98304K, used 79774K [0x0000000080000000, 0x0000000100000000)
  region size 1024K, 11 young (11264K), 1 survivors (1024K)
 Metaspace       used 53141K, capacity 54831K, committed 55112K, reserved 1097728K
  class space    used 6800K, capacity 7351K, committed 7424K, reserved 1048576K
}
Event: 11.715 GC heap after
{Heap after GC invocations=26 (full 0):
 garbage-first heap   total 98304K, used 69802K [0x0000000080000000, 0x0000000100000000)
  region size 1024K, 1 young (1024K), 1 survivors (1024K)
 Metaspace       used 53141K, capacity 54831K, committed 55112K, reserved 1097728K
  class space    used 6800K, capacity 7351K, committed 7424K, reserved 1048576K
}
Event: 11.893 GC heap before
{Heap before GC invocations=26 (full 0):
 garbage-first heap   total 98304K, used 79018K [0x0000000080000000, 0x0000000100000000)
  region size 1024K, 11 young (11264K), 1 survivors (1024K)
 Metaspace       used 54544K, capacity 56253K, committed 56264K, reserved 1097728K
  class space    used 6969K, capacity 7549K, committed 7552K, reserved 1048576K
}
Event: 11.896 GC heap after
{Heap after GC invocations=27 (full 0):
 garbage-first heap   total 98304K, used 70197K [0x0000000080000000, 0x0000000100000000)
  region size 1024K, 1 young (1024K), 1 survivors (1024K)
 Metaspace       used 54544K, capacity 56253K, committed 56264K, reserved 1097728K
  class space    used 6969K, capacity 7549K, committed 7552K, reserved 1048576K
}
Event: 12.109 GC heap before
{Heap before GC invocations=28 (full 0):
 garbage-first heap   total 98304K, used 81461K [0x0000000080000000, 0x0000000100000000)
  region size 1024K, 12 young (12288K), 1 survivors (1024K)
 Metaspace       used 56364K, capacity 58069K, committed 58312K, reserved 1099776K
  class space    used 7186K, capacity 7727K, committed 7808K, reserved 1048576K
}
Event: 12.111 GC heap after
{Heap after GC invocations=29 (full 0):
 garbage-first heap   total 98304K, used 70613K [0x0000000080000000, 0x0000000100000000)
  region size 1024K, 2 young (2048K), 2 survivors (2048K)
 Metaspace       used 56364K, capacity 58069K, committed 58312K, reserved 1099776K
  class space    used 7186K, capacity 7727K, committed 7808K, reserved 1048576K
}
Event: 12.246 GC heap before
{Heap before GC invocations=29 (full 0):
 garbage-first heap   total 98304K, used 79829K [0x0000000080000000, 0x0000000100000000)
  region size 1024K, 12 young (12288K), 2 survivors (2048K)
 Metaspace       used 58083K, capacity 59814K, committed 59976K, reserved 1101824K
  class space    used 7366K, capacity 7926K, committed 7936K, reserved 1048576K
}
Event: 12.248 GC heap after
{Heap after GC invocations=30 (full 0):
 garbage-first heap   total 98304K, used 70919K [0x0000000080000000, 0x0000000100000000)
  region size 1024K, 2 young (2048K), 2 survivors (2048K)
 Metaspace       used 58083K, capacity 59814K, committed 59976K, reserved 1101824K
  class space    used 7366K, capacity 7926K, committed 7936K, reserved 1048576K
}
Event: 12.430 GC heap before
{Heap before GC invocations=31 (full 0):
 garbage-first heap   total 98304K, used 80135K [0x0000000080000000, 0x0000000100000000)
  region size 1024K, 12 young (12288K), 2 survivors (2048K)
 Metaspace       used 59377K, capacity 61111K, committed 61256K, reserved 1101824K
  class space    used 7526K, capacity 8077K, committed 8192K, reserved 1048576K
}
Event: 12.433 GC heap after
{Heap after GC invocations=32 (full 0):
 garbage-first heap   total 98304K, used 71451K [0x0000000080000000, 0x0000000100000000)
  region size 1024K, 2 young (2048K), 2 survivors (2048K)
 Metaspace       used 59377K, capacity 61111K, committed 61256K, reserved 1101824K
  class space    used 7526K, capacity 8077K, committed 8192K, reserved 1048576K
}
Event: 12.676 GC heap before
{Heap before GC invocations=32 (full 0):
 garbage-first heap   total 98304K, used 82715K [0x0000000080000000, 0x0000000100000000)
  region size 1024K, 13 young (13312K), 2 survivors (2048K)
 Metaspace       used 61180K, capacity 63012K, committed 63304K, reserved 1103872K
  class space    used 7778K, capacity 8390K, committed 8448K, reserved 1048576K
}
Event: 12.681 GC heap after
{Heap after GC invocations=33 (full 0):
 garbage-first heap   total 118784K, used 72212K [0x0000000080000000, 0x0000000100000000)
  region size 1024K, 2 young (2048K), 2 survivors (2048K)
 Metaspace       used 61180K, capacity 63012K, committed 63304K, reserved 1103872K
  class space    used 7778K, capacity 8390K, committed 8448K, reserved 1048576K
}
Event: 13.075 GC heap before
{Heap before GC invocations=34 (full 0):
 garbage-first heap   total 118784K, used 92692K [0x0000000080000000, 0x0000000100000000)
  region size 1024K, 23 young (23552K), 2 survivors (2048K)
 Metaspace       used 63515K, capacity 65232K, committed 65352K, reserved 1105920K
  class space    used 8034K, capacity 8617K, committed 8704K, reserved 1048576K
}
Event: 13.079 GC heap after
{Heap after GC invocations=35 (full 0):
 garbage-first heap   total 118784K, used 74583K [0x0000000080000000, 0x0000000100000000)
  region size 1024K, 3 young (3072K), 3 survivors (3072K)
 Metaspace       used 63515K, capacity 65232K, committed 65352K, reserved 1105920K
  class space    used 8034K, capacity 8617K, committed 8704K, reserved 1048576K
}
Event: 13.402 GC heap before
{Heap before GC invocations=35 (full 0):
 garbage-first heap   total 118784K, used 95063K [0x0000000080000000, 0x0000000100000000)
  region size 1024K, 23 young (23552K), 3 survivors (3072K)
 Metaspace       used 65337K, capacity 67179K, committed 67400K, reserved 1107968K
  class space    used 8255K, capacity 8856K, committed 8960K, reserved 1048576K
}
Event: 13.408 GC heap after
{Heap after GC invocations=36 (full 0):
 garbage-first heap   total 118784K, used 76194K [0x0000000080000000, 0x0000000100000000)
  region size 1024K, 2 young (2048K), 2 survivors (2048K)
 Metaspace       used 65337K, capacity 67179K, committed 67400K, reserved 1107968K
  class space    used 8255K, capacity 8856K, committed 8960K, reserved 1048576K
}
Event: 13.525 GC heap before
{Heap before GC invocations=37 (full 0):
 garbage-first heap   total 118784K, used 84386K [0x0000000080000000, 0x0000000100000000)
  region size 1024K, 11 young (11264K), 2 survivors (2048K)
 Metaspace       used 66083K, capacity 67956K, committed 68296K, reserved 1107968K
  class space    used 8363K, capacity 8987K, committed 9088K, reserved 1048576K
}
Event: 13.527 GC heap after
{Heap after GC invocations=38 (full 0):
 garbage-first heap   total 118784K, used 76700K [0x0000000080000000, 0x0000000100000000)
  region size 1024K, 3 young (3072K), 3 survivors (3072K)
 Metaspace       used 66083K, capacity 67956K, committed 68296K, reserved 1107968K
  class space    used 8363K, capacity 8987K, committed 9088K, reserved 1048576K
}
Event: 13.779 GC heap before
{Heap before GC invocations=39 (full 0):
 garbage-first heap   total 118784K, used 96156K [0x0000000080000000, 0x0000000100000000)
  region size 1024K, 21 young (21504K), 3 survivors (3072K)
 Metaspace       used 66889K, capacity 68679K, committed 68936K, reserved 1110016K
  class space    used 8490K, capacity 9094K, committed 9216K, reserved 1048576K
}

