# JRE version: OpenJDK Runtime Environment (11.0.12+7) (build 11.0.12+7-b1504.28-7817840)
# Java VM: OpenJDK 64-Bit Server VM (11.0.12+7-b1504.28-7817840, mixed mode, tiered, compressed oops, g1 gc, windows-amd64)
Heap:
 garbage-first heap   total 118784K, used 80020K [0x0000000080000000, 0x0000000100000000)
  region size 1024K, 50 young (51200K), 5 survivors (5120K)
 Metaspace       used 49041K, capacity 50504K, committed 50636K, reserved 1093632K
  class space    used 6265K, capacity 6778K, committed 6860K, reserved 1048576K
GC Heap History (18 events):
Event: 0.861 GC heap before
{Heap before GC invocations=0 (full 0):
 garbage-first heap   total 98304K, used 29696K [0x0000000080000000, 0x0000000100000000)
  region size 1024K, 24 young (24576K), 0 survivors (0K)
 Metaspace       used 9852K, capacity 10050K, committed 10112K, reserved 1058816K
  class space    used 1028K, capacity 1102K, committed 1152K, reserved 1048576K
}
Event: 0.870 GC heap after
{Heap after GC invocations=1 (full 0):
 garbage-first heap   total 98304K, used 9292K [0x0000000080000000, 0x0000000100000000)
  region size 1024K, 3 young (3072K), 3 survivors (3072K)
 Metaspace       used 9852K, capacity 10050K, committed 10112K, reserved 1058816K
  class space    used 1028K, capacity 1102K, committed 1152K, reserved 1048576K
}
Event: 1.615 GC heap before
{Heap before GC invocations=1 (full 0):
 garbage-first heap   total 98304K, used 64588K [0x0000000080000000, 0x0000000100000000)
  region size 1024K, 57 young (58368K), 3 survivors (3072K)
 Metaspace       used 13972K, capacity 14357K, committed 14592K, reserved 1062912K
  class space    used 1562K, capacity 1686K, committed 1792K, reserved 1048576K
}
Event: 1.623 GC heap after
{Heap after GC invocations=2 (full 0):
 garbage-first heap   total 98304K, used 15211K [0x0000000080000000, 0x0000000100000000)
  region size 1024K, 8 young (8192K), 8 survivors (8192K)
 Metaspace       used 13972K, capacity 14357K, committed 14592K, reserved 1062912K
  class space    used 1562K, capacity 1686K, committed 1792K, reserved 1048576K
}
Event: 3.922 GC heap before
{Heap before GC invocations=2 (full 0):
 garbage-first heap   total 98304K, used 58219K [0x0000000080000000, 0x0000000100000000)
  region size 1024K, 51 young (52224K), 8 survivors (8192K)
 Metaspace       used 20690K, capacity 21075K, committed 21248K, reserved 1067008K
  class space    used 2541K, capacity 2693K, committed 2816K, reserved 1048576K
}
Event: 3.932 GC heap after
{Heap after GC invocations=3 (full 0):
 garbage-first heap   total 98304K, used 17408K [0x0000000080000000, 0x0000000100000000)
  region size 1024K, 3 young (3072K), 3 survivors (3072K)
 Metaspace       used 20690K, capacity 21075K, committed 21248K, reserved 1067008K
  class space    used 2541K, capacity 2693K, committed 2816K, reserved 1048576K
}
Event: 4.473 GC heap before
{Heap before GC invocations=4 (full 0):
 garbage-first heap   total 98304K, used 64512K [0x0000000080000000, 0x0000000100000000)
  region size 1024K, 49 young (50176K), 3 survivors (3072K)
 Metaspace       used 25535K, capacity 26126K, committed 26368K, reserved 1073152K
  class space    used 3318K, capacity 3531K, committed 3584K, reserved 1048576K
}
Event: 4.476 GC heap after
{Heap after GC invocations=5 (full 0):
 garbage-first heap   total 98304K, used 19127K [0x0000000080000000, 0x0000000100000000)
  region size 1024K, 4 young (4096K), 4 survivors (4096K)
 Metaspace       used 25535K, capacity 26126K, committed 26368K, reserved 1073152K
  class space    used 3318K, capacity 3531K, committed 3584K, reserved 1048576K
}
Event: 5.061 GC heap before
{Heap before GC invocations=5 (full 0):
 garbage-first heap   total 98304K, used 68279K [0x0000000080000000, 0x0000000100000000)
  region size 1024K, 52 young (53248K), 4 survivors (4096K)
 Metaspace       used 29938K, capacity 30567K, committed 30720K, reserved 1075200K
  class space    used 4024K, capacity 4272K, committed 4352K, reserved 1048576K
}
Event: 5.065 GC heap after
{Heap after GC invocations=6 (full 0):
 garbage-first heap   total 98304K, used 20605K [0x0000000080000000, 0x0000000100000000)
  region size 1024K, 4 young (4096K), 4 survivors (4096K)
 Metaspace       used 29938K, capacity 30567K, committed 30720K, reserved 1075200K
  class space    used 4024K, capacity 4272K, committed 4352K, reserved 1048576K
}
Event: 5.505 GC heap before
{Heap before GC invocations=6 (full 0):
 garbage-first heap   total 98304K, used 38013K [0x0000000080000000, 0x0000000100000000)
  region size 1024K, 22 young (22528K), 4 survivors (4096K)
 Metaspace       used 35012K, capacity 35785K, committed 35840K, reserved 1081344K
  class space    used 4550K, capacity 4863K, committed 4864K, reserved 1048576K
}
Event: 5.514 GC heap after
{Heap after GC invocations=7 (full 0):
 garbage-first heap   total 98304K, used 22992K [0x0000000080000000, 0x0000000100000000)
  region size 1024K, 6 young (6144K), 6 survivors (6144K)
 Metaspace       used 35012K, capacity 35785K, committed 35840K, reserved 1081344K
  class space    used 4550K, capacity 4863K, committed 4864K, reserved 1048576K
}
Event: 6.196 GC heap before
{Heap before GC invocations=8 (full 0):
 garbage-first heap   total 98304K, used 73168K [0x0000000080000000, 0x0000000100000000)
  region size 1024K, 53 young (54272K), 6 survivors (6144K)
 Metaspace       used 39357K, capacity 40242K, committed 40524K, reserved 1085440K
  class space    used 5048K, capacity 5406K, committed 5452K, reserved 1048576K
}
Event: 6.204 GC heap after
{Heap after GC invocations=9 (full 0):
 garbage-first heap   total 98304K, used 26894K [0x0000000080000000, 0x0000000100000000)
  region size 1024K, 7 young (7168K), 7 survivors (7168K)
 Metaspace       used 39357K, capacity 40242K, committed 40524K, reserved 1085440K
  class space    used 5048K, capacity 5406K, committed 5452K, reserved 1048576K
}
Event: 6.725 GC heap before
{Heap before GC invocations=9 (full 0):
 garbage-first heap   total 98304K, used 73998K [0x0000000080000000, 0x0000000100000000)
  region size 1024K, 53 young (54272K), 7 survivors (7168K)
 Metaspace       used 43515K, capacity 44579K, committed 44620K, reserved 1087488K
  class space    used 5558K, capacity 5926K, committed 5964K, reserved 1048576K
}
Event: 6.730 GC heap after
{Heap after GC invocations=10 (full 0):
 garbage-first heap   total 118784K, used 28320K [0x0000000080000000, 0x0000000100000000)
  region size 1024K, 6 young (6144K), 6 survivors (6144K)
 Metaspace       used 43515K, capacity 44579K, committed 44620K, reserved 1087488K
  class space    used 5558K, capacity 5926K, committed 5964K, reserved 1048576K
}
Event: 7.726 GC heap before
{Heap before GC invocations=10 (full 0):
 garbage-first heap   total 118784K, used 84640K [0x0000000080000000, 0x0000000100000000)
  region size 1024K, 61 young (62464K), 6 survivors (6144K)
 Metaspace       used 47074K, capacity 48304K, committed 48460K, reserved 1091584K
  class space    used 6032K, capacity 6465K, committed 6476K, reserved 1048576K
}
Event: 7.732 GC heap after
{Heap after GC invocations=11 (full 0):
 garbage-first heap   total 118784K, used 30868K [0x0000000080000000, 0x0000000100000000)
  region size 1024K, 5 young (5120K), 5 survivors (5120K)
 Metaspace       used 47074K, capacity 48304K, committed 48460K, reserved 1091584K
  class space    used 6032K, capacity 6465K, committed 6476K, reserved 1048576K
}

