# JRE version: OpenJDK Runtime Environment (11.0.12+7) (build 11.0.12+7-b1504.28-7817840)
# Java VM: OpenJDK 64-Bit Server VM (11.0.12+7-b1504.28-7817840, mixed mode, tiered, compressed oops, g1 gc, windows-amd64)
Heap:
 garbage-first heap   total 143360K, used 76195K [0x0000000080000000, 0x0000000100000000)
  region size 1024K, 1 young (1024K), 1 survivors (1024K)
 Metaspace       used 59942K, capacity 61792K, committed 61896K, reserved 1103872K
  class space    used 7678K, capacity 8285K, committed 8320K, reserved 1048576K
GC Heap History (20 events):
Event: 9.125 GC heap after
{Heap after GC invocations=19 (full 0):
 garbage-first heap   total 98304K, used 52649K [0x0000000080000000, 0x0000000100000000)
  region size 1024K, 4 young (4096K), 4 survivors (4096K)
 Metaspace       used 48320K, capacity 49649K, committed 49864K, reserved 1093632K
  class space    used 6239K, capacity 6723K, committed 6784K, reserved 1048576K
}
Event: 9.530 GC heap before
{Heap before GC invocations=19 (full 0):
 garbage-first heap   total 98304K, used 82345K [0x0000000080000000, 0x0000000100000000)
  region size 1024K, 33 young (33792K), 4 survivors (4096K)
 Metaspace       used 49171K, capacity 50630K, committed 50760K, reserved 1093632K
  class space    used 6341K, capacity 6855K, committed 6912K, reserved 1048576K
}
Event: 9.534 GC heap after
{Heap after GC invocations=20 (full 0):
 garbage-first heap   total 98304K, used 53308K [0x0000000080000000, 0x0000000100000000)
  region size 1024K, 3 young (3072K), 3 survivors (3072K)
 Metaspace       used 49171K, capacity 50630K, committed 50760K, reserved 1093632K
  class space    used 6341K, capacity 6855K, committed 6912K, reserved 1048576K
}
Event: 9.643 GC heap before
{Heap before GC invocations=21 (full 0):
 garbage-first heap   total 98304K, used 61500K [0x0000000080000000, 0x0000000100000000)
  region size 1024K, 13 young (13312K), 3 survivors (3072K)
 Metaspace       used 49639K, capacity 51150K, committed 51272K, reserved 1093632K
  class space    used 6386K, capacity 6900K, committed 6912K, reserved 1048576K
}
Event: 9.647 GC heap after
{Heap after GC invocations=22 (full 0):
 garbage-first heap   total 98304K, used 54240K [0x0000000080000000, 0x0000000100000000)
  region size 1024K, 3 young (3072K), 3 survivors (3072K)
 Metaspace       used 49639K, capacity 51150K, committed 51272K, reserved 1093632K
  class space    used 6386K, capacity 6900K, committed 6912K, reserved 1048576K
}
Event: 9.971 GC heap before
{Heap before GC invocations=23 (full 0):
 garbage-first heap   total 98304K, used 75744K [0x0000000080000000, 0x0000000100000000)
  region size 1024K, 25 young (25600K), 3 survivors (3072K)
 Metaspace       used 51974K, capacity 53514K, committed 53576K, reserved 1095680K
  class space    used 6615K, capacity 7111K, committed 7168K, reserved 1048576K
}
Event: 9.976 GC heap after
{Heap after GC invocations=24 (full 0):
 garbage-first heap   total 98304K, used 55673K [0x0000000080000000, 0x0000000100000000)
  region size 1024K, 4 young (4096K), 4 survivors (4096K)
 Metaspace       used 51974K, capacity 53514K, committed 53576K, reserved 1095680K
  class space    used 6615K, capacity 7111K, committed 7168K, reserved 1048576K
}
Event: 10.256 GC heap before
{Heap before GC invocations=25 (full 0):
 garbage-first heap   total 98304K, used 83321K [0x0000000080000000, 0x0000000100000000)
  region size 1024K, 27 young (27648K), 4 survivors (4096K)
 Metaspace       used 53411K, capacity 54950K, committed 55112K, reserved 1097728K
  class space    used 6856K, capacity 7354K, committed 7424K, reserved 1048576K
}
Event: 10.261 GC heap after
{Heap after GC invocations=26 (full 0):
 garbage-first heap   total 98304K, used 61620K [0x0000000080000000, 0x0000000100000000)
  region size 1024K, 4 young (4096K), 4 survivors (4096K)
 Metaspace       used 53411K, capacity 54950K, committed 55112K, reserved 1097728K
  class space    used 6856K, capacity 7354K, committed 7424K, reserved 1048576K
}
Event: 10.456 GC heap before
{Heap before GC invocations=26 (full 0):
 garbage-first heap   total 98304K, used 82100K [0x0000000080000000, 0x0000000100000000)
  region size 1024K, 24 young (24576K), 4 survivors (4096K)
 Metaspace       used 54577K, capacity 56233K, committed 56392K, reserved 1097728K
  class space    used 7033K, capacity 7570K, committed 7680K, reserved 1048576K
}
Event: 10.462 GC heap after
{Heap after GC invocations=27 (full 0):
 garbage-first heap   total 118784K, used 62582K [0x0000000080000000, 0x0000000100000000)
  region size 1024K, 1 young (1024K), 1 survivors (1024K)
 Metaspace       used 54577K, capacity 56233K, committed 56392K, reserved 1097728K
  class space    used 7033K, capacity 7570K, committed 7680K, reserved 1048576K
}
Event: 11.215 GC heap before
{Heap before GC invocations=28 (full 0):
 garbage-first heap   total 118784K, used 93302K [0x0000000080000000, 0x0000000100000000)
  region size 1024K, 32 young (32768K), 1 survivors (1024K)
 Metaspace       used 55743K, capacity 57432K, committed 57800K, reserved 1099776K
  class space    used 7140K, capacity 7688K, committed 7808K, reserved 1048576K
}
Event: 11.218 GC heap after
{Heap after GC invocations=29 (full 0):
 garbage-first heap   total 118784K, used 63978K [0x0000000080000000, 0x0000000100000000)
  region size 1024K, 3 young (3072K), 3 survivors (3072K)
 Metaspace       used 55743K, capacity 57432K, committed 57800K, reserved 1099776K
  class space    used 7140K, capacity 7688K, committed 7808K, reserved 1048576K
}
Event: 11.307 GC heap before
{Heap before GC invocations=29 (full 0):
 garbage-first heap   total 118784K, used 69098K [0x0000000080000000, 0x0000000100000000)
  region size 1024K, 10 young (10240K), 3 survivors (3072K)
 Metaspace       used 56008K, capacity 57767K, committed 58056K, reserved 1099776K
  class space    used 7177K, capacity 7731K, committed 7808K, reserved 1048576K
}
Event: 11.311 GC heap after
{Heap after GC invocations=30 (full 0):
 garbage-first heap   total 118784K, used 64434K [0x0000000080000000, 0x0000000100000000)
  region size 1024K, 3 young (3072K), 3 survivors (3072K)
 Metaspace       used 56008K, capacity 57767K, committed 58056K, reserved 1099776K
  class space    used 7177K, capacity 7731K, committed 7808K, reserved 1048576K
}
Event: 11.436 GC heap before
{Heap before GC invocations=31 (full 0):
 garbage-first heap   total 118784K, used 71602K [0x0000000080000000, 0x0000000100000000)
  region size 1024K, 9 young (9216K), 3 survivors (3072K)
 Metaspace       used 56019K, capacity 57767K, committed 58056K, reserved 1099776K
  class space    used 7177K, capacity 7731K, committed 7808K, reserved 1048576K
}
Event: 11.441 GC heap after
{Heap after GC invocations=32 (full 0):
 garbage-first heap   total 118784K, used 71575K [0x0000000080000000, 0x0000000100000000)
  region size 1024K, 5 young (5120K), 5 survivors (5120K)
 Metaspace       used 56019K, capacity 57767K, committed 58056K, reserved 1099776K
  class space    used 7177K, capacity 7731K, committed 7808K, reserved 1048576K
}
Event: 11.729 GC heap before
{Heap before GC invocations=33 (full 0):
 garbage-first heap   total 118784K, used 91031K [0x0000000080000000, 0x0000000100000000)
  region size 1024K, 23 young (23552K), 5 survivors (5120K)
 Metaspace       used 57626K, capacity 59449K, committed 59592K, reserved 1101824K
  class space    used 7405K, capacity 8016K, committed 8064K, reserved 1048576K
}
Event: 11.733 GC heap after
{Heap after GC invocations=34 (full 0):
 garbage-first heap   total 118784K, used 75502K [0x0000000080000000, 0x0000000100000000)
  region size 1024K, 2 young (2048K), 2 survivors (2048K)
 Metaspace       used 57626K, capacity 59449K, committed 59592K, reserved 1101824K
  class space    used 7405K, capacity 8016K, committed 8064K, reserved 1048576K
}
Event: 12.020 GC heap before
{Heap before GC invocations=34 (full 0):
 garbage-first heap   total 118784K, used 91886K [0x0000000080000000, 0x0000000100000000)
  region size 1024K, 19 young (19456K), 2 survivors (2048K)
 Metaspace       used 59942K, capacity 61792K, committed 61896K, reserved 1103872K
  class space    used 7678K, capacity 8285K, committed 8320K, reserved 1048576K
}

